<?xml version="1.0" encoding="UTF-8"?>
<testsuite name="InvoiceServiceTest" tests="1" skipped="0" failures="0" errors="0" timestamp="2022-01-12T07:20:44" hostname="DESKTOP-ORKBQ6K" time="0.092">
  <properties/>
  <testcase name="givenMultipleRide_Should_generateInvoice()" classname="InvoiceServiceTest" time="0.092"/>
  <system-out><![CDATA[]]></system-out>
  <system-err><![CDATA[]]></system-err>
</testsuite>
